Построение начато 05.12.2014 23:45:22.
     1>Проект "C:\Users\ivan\Desktop\Обучение\WizardSample\WizardSample\WizardSample\WizardSample.vcxproj" в узле 2 (целевые объекты Build).
     1>CustomBuild:
         Uic'ing page1.ui...
       ClCompile:
         C:\Program Files (x86)\Microsoft Visual Studio 11.0\VC\bin\CL.exe /c /I.\GeneratedFiles /I. /IC:\Qt\5.1.1\msvc2012\include /I.\GeneratedFiles\Debug /IC:\Qt\5.1.1\msvc2012\include\QtCore /IC:\Qt\5.1.1\msvc2012\include\QtGui /IC:\Qt\5.1.1\msvc2012\include\QtWidgets /Zi /nologo /W1 /WX- /Od /Oy- /D UNICODE /D WIN32 /D WIN64 /D QT_DLL /D QT_CORE_LIB /D QT_GUI_LIB /D QT_WIDGETS_LIB /Gm- /EHsc /MDd /GS /fp:precise /Zc:wchar_t- /Zc:forScope /Fo"Debug\\" /Fd"Debug\vc110.pdb" /Gd /TP /analyze- /errorReport:prompt GeneratedFiles\Debug\moc_page1.cpp page1.cpp
         moc_page1.cpp
         page1.cpp
         Создание кода...
       Link:
         C:\Program Files (x86)\Microsoft Visual Studio 11.0\VC\bin\link.exe /ERRORREPORT:PROMPT /OUT:"C:\Users\ivan\Desktop\Обучение\WizardSample\WizardSample\Win32\Debug\\WizardSample.exe" /NOLOGO /LIBPATH:C:\Qt\5.1.1\msvc2012\lib qtmaind.lib Qt5Cored.lib Qt5Guid.lib Qt5Widgetsd.lib kernel32.lib user32.lib gdi32.lib winspool.lib comdlg32.lib advapi32.lib shell32.lib ole32.lib oleaut32.lib uuid.lib odbc32.lib odbccp32.lib /MANIFEST /MANIFESTUAC:"level='asInvoker' uiAccess='false'" /manifest:embed /DEBUG /PDB:"C:\Users\ivan\Desktop\Обучение\WizardSample\WizardSample\Win32\Debug\WizardSample.pdb" /SUBSYSTEM:WINDOWS /TLBID:1 /DYNAMICBASE /NXCOMPAT /IMPLIB:"C:\Users\ivan\Desktop\Обучение\WizardSample\WizardSample\Win32\Debug\WizardSample.lib" /MACHINE:X86 /SAFESEH Debug\moc_page1.obj
         Debug\moc_somepage.obj
         Debug\moc_wizardsample.obj
         Debug\qrc_wizardsample.obj
         Debug\main.obj
         Debug\page1.obj
         Debug\somepage.obj
         Debug\wizardsample.obj
         WizardSample.vcxproj -> C:\Users\ivan\Desktop\Обучение\WizardSample\WizardSample\Win32\Debug\WizardSample.exe
     1>Построение проекта "C:\Users\ivan\Desktop\Обучение\WizardSample\WizardSample\WizardSample\WizardSample.vcxproj" завершено (целевые объекты Build).

Построение успешно завершено.

Затраченное время: 00:00:03.50
